<?xml version="1.0" encoding="UTF-8"?>
<!-- Generated by org.testng.reporters.JUnitReportReporter -->
<testsuite skipped="0" hostname="LAPTOP-2CUPC0SH" name="com.nopcommerce.testCases.TC_LoginTest" tests="1" failures="0" timestamp="13 Apr 2020 14:11:45 GMT" time="18.409" errors="0">
  <testcase name="loginTest" time="18.409" classname="com.nopcommerce.testCases.TC_LoginTest"/>
</testsuite> <!-- com.nopcommerce.testCases.TC_LoginTest -->
