<?xml version="1.0" encoding="UTF-8"?>
<!-- Generated by org.testng.reporters.JUnitReportReporter -->
<testsuite hostname="LAPTOP-2CUPC0SH" failures="0" tests="1" name="com.nopcommerce.testCases.TC_AddCustomerTest_003" time="31.050" errors="0" timestamp="13 Apr 2020 14:14:32 GMT" skipped="0">
  <testcase classname="com.nopcommerce.testCases.TC_AddCustomerTest_003" name="addNewCustomer" time="31.050"/>
</testsuite> <!-- com.nopcommerce.testCases.TC_AddCustomerTest_003 -->
